# JRE version: OpenJDK Runtime Environment (11.0.11+9) (build 11.0.11+9-b60-7590822)
# Java VM: OpenJDK 64-Bit Server VM (11.0.11+9-b60-7590822, mixed mode, tiered, compressed oops, g1 gc, windows-amd64)
Heap:
 garbage-first heap   total 164864K, used 93274K [0x0000000081e00000, 0x0000000100000000)
  region size 1024K, 59 young (60416K), 8 survivors (8192K)
 Metaspace       used 53622K, capacity 54331K, committed 54656K, reserved 1097728K
  class space    used 6150K, capacity 6422K, committed 6528K, reserved 1048576K
GC Heap History (14 events):
Event: 0.503 GC heap before
{Heap before GC invocations=0 (full 0):
 garbage-first heap   total 131072K, used 27648K [0x0000000081e00000, 0x0000000100000000)
  region size 1024K, 24 young (24576K), 0 survivors (0K)
 Metaspace       used 12334K, capacity 12440K, committed 12544K, reserved 1060864K
  class space    used 1160K, capacity 1207K, committed 1280K, reserved 1048576K
}
Event: 0.506 GC heap after
{Heap after GC invocations=1 (full 0):
 garbage-first heap   total 131072K, used 5847K [0x0000000081e00000, 0x0000000100000000)
  region size 1024K, 3 young (3072K), 3 survivors (3072K)
 Metaspace       used 12334K, capacity 12440K, committed 12544K, reserved 1060864K
  class space    used 1160K, capacity 1207K, committed 1280K, reserved 1048576K
}
Event: 1.097 GC heap before
{Heap before GC invocations=1 (full 0):
 garbage-first heap   total 131072K, used 45783K [0x0000000081e00000, 0x0000000100000000)
  region size 1024K, 43 young (44032K), 3 survivors (3072K)
 Metaspace       used 20907K, capacity 21158K, committed 21248K, reserved 1069056K
  class space    used 2222K, capacity 2293K, committed 2304K, reserved 1048576K
}
Event: 1.108 GC heap after
{Heap after GC invocations=2 (full 0):
 garbage-first heap   total 131072K, used 9646K [0x0000000081e00000, 0x0000000100000000)
  region size 1024K, 7 young (7168K), 7 survivors (7168K)
 Metaspace       used 20907K, capacity 21158K, committed 21248K, reserved 1069056K
  class space    used 2222K, capacity 2293K, committed 2304K, reserved 1048576K
}
Event: 1.948 GC heap before
{Heap before GC invocations=3 (full 0):
 garbage-first heap   total 131072K, used 68014K [0x0000000081e00000, 0x0000000100000000)
  region size 1024K, 59 young (60416K), 7 survivors (7168K)
 Metaspace       used 31330K, capacity 31884K, committed 32128K, reserved 1077248K
  class space    used 3670K, capacity 3879K, committed 3968K, reserved 1048576K
}
Event: 1.968 GC heap after
{Heap after GC invocations=4 (full 0):
 garbage-first heap   total 131072K, used 22731K [0x0000000081e00000, 0x0000000100000000)
  region size 1024K, 8 young (8192K), 8 survivors (8192K)
 Metaspace       used 31330K, capacity 31884K, committed 32128K, reserved 1077248K
  class space    used 3670K, capacity 3879K, committed 3968K, reserved 1048576K
}
Event: 2.213 GC heap before
{Heap before GC invocations=4 (full 0):
 garbage-first heap   total 131072K, used 39115K [0x0000000081e00000, 0x0000000100000000)
  region size 1024K, 24 young (24576K), 8 survivors (8192K)
 Metaspace       used 34003K, capacity 34548K, committed 34944K, reserved 1079296K
  class space    used 4175K, capacity 4361K, committed 4480K, reserved 1048576K
}
Event: 2.227 GC heap after
{Heap after GC invocations=5 (full 0):
 garbage-first heap   total 131072K, used 25304K [0x0000000081e00000, 0x0000000100000000)
  region size 1024K, 2 young (2048K), 2 survivors (2048K)
 Metaspace       used 34003K, capacity 34548K, committed 34944K, reserved 1079296K
  class space    used 4175K, capacity 4361K, committed 4480K, reserved 1048576K
}
Event: 2.269 GC heap before
{Heap before GC invocations=5 (full 0):
 garbage-first heap   total 131072K, used 28376K [0x0000000081e00000, 0x0000000100000000)
  region size 1024K, 6 young (6144K), 2 survivors (2048K)
 Metaspace       used 34884K, capacity 35412K, committed 35628K, reserved 1081344K
  class space    used 4277K, capacity 4457K, committed 4480K, reserved 1048576K
}
Event: 2.272 GC heap after
{Heap after GC invocations=6 (full 0):
 garbage-first heap   total 164864K, used 25095K [0x0000000081e00000, 0x0000000100000000)
  region size 1024K, 2 young (2048K), 2 survivors (2048K)
 Metaspace       used 34884K, capacity 35412K, committed 35628K, reserved 1081344K
  class space    used 4277K, capacity 4457K, committed 4480K, reserved 1048576K
}
Event: 3.158 GC heap before
{Heap before GC invocations=7 (full 0):
 garbage-first heap   total 164864K, used 80391K [0x0000000081e00000, 0x0000000100000000)
  region size 1024K, 56 young (57344K), 2 survivors (2048K)
 Metaspace       used 44754K, capacity 45349K, committed 45696K, reserved 1089536K
  class space    used 5222K, capacity 5415K, committed 5504K, reserved 1048576K
}
Event: 3.172 GC heap after
{Heap after GC invocations=8 (full 0):
 garbage-first heap   total 164864K, used 29829K [0x0000000081e00000, 0x0000000100000000)
  region size 1024K, 7 young (7168K), 7 survivors (7168K)
 Metaspace       used 44754K, capacity 45349K, committed 45696K, reserved 1089536K
  class space    used 5222K, capacity 5415K, committed 5504K, reserved 1048576K
}
Event: 3.887 GC heap before
{Heap before GC invocations=9 (full 0):
 garbage-first heap   total 164864K, used 90245K [0x0000000081e00000, 0x0000000100000000)
  region size 1024K, 63 young (64512K), 7 survivors (7168K)
 Metaspace       used 48402K, capacity 48990K, committed 49152K, reserved 1093632K
  class space    used 5633K, capacity 5837K, committed 5888K, reserved 1048576K
}
Event: 3.911 GC heap after
{Heap after GC invocations=10 (full 0):
 garbage-first heap   total 164864K, used 42074K [0x0000000081e00000, 0x0000000100000000)
  region size 1024K, 8 young (8192K), 8 survivors (8192K)
 Metaspace       used 48402K, capacity 48990K, committed 49152K, reserved 1093632K
  class space    used 5633K, capacity 5837K, committed 5888K, reserved 1048576K
}

