# JRE version: OpenJDK Runtime Environment (11.0.11+9) (build 11.0.11+9-b60-7590822)
# Java VM: OpenJDK 64-Bit Server VM (11.0.11+9-b60-7590822, mixed mode, tiered, compressed oops, g1 gc, windows-amd64)
Heap:
 garbage-first heap   total 233472K, used 136633K [0x00000000a0000000, 0x0000000100000000)
  region size 1024K, 15 young (15360K), 3 survivors (3072K)
 Metaspace       used 91690K, capacity 94475K, committed 94672K, reserved 1130496K
  class space    used 11824K, capacity 12855K, committed 12928K, reserved 1048576K
GC Heap History (20 events):
Event: 15.064 GC heap before
{Heap before GC invocations=36 (full 0):
 garbage-first heap   total 157696K, used 130970K [0x00000000a0000000, 0x0000000100000000)
  region size 1024K, 27 young (27648K), 4 survivors (4096K)
 Metaspace       used 82860K, capacity 85156K, committed 85712K, reserved 1124352K
  class space    used 10598K, capacity 11438K, committed 11648K, reserved 1048576K
}
Event: 15.069 GC heap after
{Heap after GC invocations=37 (full 0):
 garbage-first heap   total 157696K, used 109508K [0x00000000a0000000, 0x0000000100000000)
  region size 1024K, 3 young (3072K), 3 survivors (3072K)
 Metaspace       used 82860K, capacity 85156K, committed 85712K, reserved 1124352K
  class space    used 10598K, capacity 11438K, committed 11648K, reserved 1048576K
}
Event: 15.284 GC heap before
{Heap before GC invocations=38 (full 0):
 garbage-first heap   total 157696K, used 131012K [0x00000000a0000000, 0x0000000100000000)
  region size 1024K, 25 young (25600K), 3 survivors (3072K)
 Metaspace       used 83267K, capacity 85550K, committed 85968K, reserved 1124352K
  class space    used 10651K, capacity 11494K, committed 11648K, reserved 1048576K
}
Event: 15.290 GC heap after
{Heap after GC invocations=39 (full 0):
 garbage-first heap   total 157696K, used 110910K [0x00000000a0000000, 0x0000000100000000)
  region size 1024K, 2 young (2048K), 2 survivors (2048K)
 Metaspace       used 83267K, capacity 85550K, committed 85968K, reserved 1124352K
  class space    used 10651K, capacity 11494K, committed 11648K, reserved 1048576K
}
Event: 15.343 GC heap before
{Heap before GC invocations=39 (full 0):
 garbage-first heap   total 157696K, used 115006K [0x00000000a0000000, 0x0000000100000000)
  region size 1024K, 7 young (7168K), 2 survivors (2048K)
 Metaspace       used 83326K, capacity 85573K, committed 85968K, reserved 1124352K
  class space    used 10657K, capacity 11498K, committed 11648K, reserved 1048576K
}
Event: 15.347 GC heap after
{Heap after GC invocations=40 (full 0):
 garbage-first heap   total 157696K, used 110774K [0x00000000a0000000, 0x0000000100000000)
  region size 1024K, 1 young (1024K), 1 survivors (1024K)
 Metaspace       used 83326K, capacity 85573K, committed 85968K, reserved 1124352K
  class space    used 10657K, capacity 11498K, committed 11648K, reserved 1048576K
}
Event: 15.429 GC heap before
{Heap before GC invocations=40 (full 0):
 garbage-first heap   total 157696K, used 132278K [0x00000000a0000000, 0x0000000100000000)
  region size 1024K, 22 young (22528K), 1 survivors (1024K)
 Metaspace       used 83333K, capacity 85573K, committed 85968K, reserved 1124352K
  class space    used 10657K, capacity 11498K, committed 11648K, reserved 1048576K
}
Event: 15.435 GC heap after
{Heap after GC invocations=41 (full 0):
 garbage-first heap   total 189440K, used 112516K [0x00000000a0000000, 0x0000000100000000)
  region size 1024K, 3 young (3072K), 3 survivors (3072K)
 Metaspace       used 83333K, capacity 85573K, committed 85968K, reserved 1124352K
  class space    used 10657K, capacity 11498K, committed 11648K, reserved 1048576K
}
Event: 15.661 GC heap before
{Heap before GC invocations=42 (full 0):
 garbage-first heap   total 189440K, used 146308K [0x00000000a0000000, 0x0000000100000000)
  region size 1024K, 37 young (37888K), 3 survivors (3072K)
 Metaspace       used 83382K, capacity 85684K, committed 86096K, reserved 1124352K
  class space    used 10665K, capacity 11535K, committed 11776K, reserved 1048576K
}
Event: 15.667 GC heap after
{Heap after GC invocations=43 (full 0):
 garbage-first heap   total 189440K, used 114683K [0x00000000a0000000, 0x0000000100000000)
  region size 1024K, 5 young (5120K), 5 survivors (5120K)
 Metaspace       used 83382K, capacity 85684K, committed 86096K, reserved 1124352K
  class space    used 10665K, capacity 11535K, committed 11776K, reserved 1048576K
}
Event: 15.832 GC heap before
{Heap before GC invocations=43 (full 0):
 garbage-first heap   total 189440K, used 142331K [0x00000000a0000000, 0x0000000100000000)
  region size 1024K, 34 young (34816K), 5 survivors (5120K)
 Metaspace       used 83440K, capacity 85711K, committed 86096K, reserved 1124352K
  class space    used 10674K, capacity 11544K, committed 11776K, reserved 1048576K
}
Event: 15.839 GC heap after
{Heap after GC invocations=44 (full 0):
 garbage-first heap   total 189440K, used 116208K [0x00000000a0000000, 0x0000000100000000)
  region size 1024K, 3 young (3072K), 3 survivors (3072K)
 Metaspace       used 83440K, capacity 85711K, committed 86096K, reserved 1124352K
  class space    used 10674K, capacity 11544K, committed 11776K, reserved 1048576K
}
Event: 16.137 GC heap before
{Heap before GC invocations=45 (full 0):
 garbage-first heap   total 189440K, used 152048K [0x00000000a0000000, 0x0000000100000000)
  region size 1024K, 38 young (38912K), 3 survivors (3072K)
 Metaspace       used 83586K, capacity 85878K, committed 86352K, reserved 1124352K
  class space    used 10698K, capacity 11578K, committed 11776K, reserved 1048576K
}
Event: 16.144 GC heap after
{Heap after GC invocations=46 (full 0):
 garbage-first heap   total 189440K, used 119199K [0x00000000a0000000, 0x0000000100000000)
  region size 1024K, 5 young (5120K), 5 survivors (5120K)
 Metaspace       used 83586K, capacity 85878K, committed 86352K, reserved 1124352K
  class space    used 10698K, capacity 11578K, committed 11776K, reserved 1048576K
}
Event: 16.156 GC heap before
{Heap before GC invocations=46 (full 0):
 garbage-first heap   total 189440K, used 122271K [0x00000000a0000000, 0x0000000100000000)
  region size 1024K, 9 young (9216K), 5 survivors (5120K)
 Metaspace       used 83586K, capacity 85878K, committed 86352K, reserved 1124352K
  class space    used 10698K, capacity 11578K, committed 11776K, reserved 1048576K
}
Event: 16.162 GC heap after
{Heap after GC invocations=47 (full 0):
 garbage-first heap   total 233472K, used 119448K [0x00000000a0000000, 0x0000000100000000)
  region size 1024K, 1 young (1024K), 1 survivors (1024K)
 Metaspace       used 83586K, capacity 85878K, committed 86352K, reserved 1124352K
  class space    used 10698K, capacity 11578K, committed 11776K, reserved 1048576K
}
Event: 16.808 GC heap before
{Heap before GC invocations=47 (full 0):
 garbage-first heap   total 233472K, used 175768K [0x00000000a0000000, 0x0000000100000000)
  region size 1024K, 57 young (58368K), 1 survivors (1024K)
 Metaspace       used 88187K, capacity 90541K, committed 90960K, reserved 1128448K
  class space    used 11275K, capacity 12163K, committed 12288K, reserved 1048576K
}
Event: 16.817 GC heap after
{Heap after GC invocations=48 (full 0):
 garbage-first heap   total 233472K, used 123145K [0x00000000a0000000, 0x0000000100000000)
  region size 1024K, 5 young (5120K), 5 survivors (5120K)
 Metaspace       used 88187K, capacity 90541K, committed 90960K, reserved 1128448K
  class space    used 11275K, capacity 12163K, committed 12288K, reserved 1048576K
}
Event: 18.934 GC heap before
{Heap before GC invocations=49 (full 0):
 garbage-first heap   total 233472K, used 180489K [0x00000000a0000000, 0x0000000100000000)
  region size 1024K, 61 young (62464K), 5 survivors (5120K)
 Metaspace       used 90354K, capacity 92804K, committed 93136K, reserved 1130496K
  class space    used 11585K, capacity 12512K, committed 12672K, reserved 1048576K
}
Event: 18.941 GC heap after
{Heap after GC invocations=50 (full 0):
 garbage-first heap   total 233472K, used 125369K [0x00000000a0000000, 0x0000000100000000)
  region size 1024K, 3 young (3072K), 3 survivors (3072K)
 Metaspace       used 90354K, capacity 92804K, committed 93136K, reserved 1130496K
  class space    used 11585K, capacity 12512K, committed 12672K, reserved 1048576K
}

